<?xml version="1.0" encoding="UTF-8"?>
<!-- Generated by org.testng.reporters.JUnitReportReporter -->
<testsuite hostname="DESKTOP-2GDF8KV" failures="0" tests="4" name="tests.LocaleTests" time="9.636" errors="0" timestamp="2022-10-10T18:10:35 CEST" skipped="0">
  <testcase classname="tests.LocaleTests" name="setLocaleToES" time="2.202"/>
  <system-out/>
  <testcase classname="tests.LocaleTests" name="setLocaleToEN" time="3.225"/>
  <system-out/>
  <testcase classname="tests.LocaleTests" name="setLocaleToCN" time="2.185"/>
  <system-out/>
  <testcase classname="tests.LocaleTests" name="setLocaleToFR" time="2.024"/>
  <system-out/>
</testsuite> <!-- tests.LocaleTests -->
