<?xml version="1.0" encoding="UTF-8"?>
<!-- Generated by org.testng.reporters.JUnitReportReporter -->
<testsuite hostname="DESKTOP-2GDF8KV" failures="0" tests="4" name="tests.AuthRoutesTests" time="9.227" errors="0" timestamp="2022-10-10T18:10:05 CEST" skipped="0">
  <testcase classname="tests.AuthRoutesTests" name="forbidsVisitsToHomeUrlIfNotAuthenticated" time="2.088"/>
  <system-out/>
  <testcase classname="tests.AuthRoutesTests" name="forbidsVisitsToProfileUrlIfNotAuthenticated" time="1.798"/>
  <system-out/>
  <testcase classname="tests.AuthRoutesTests" name="forbidsVisitsToAdminCitiesUrlIfNotAuthenticated" time="3.324"/>
  <system-out/>
  <testcase classname="tests.AuthRoutesTests" name="forbidsVisitsToAdminUsersUrlIfNotAuthenticated" time="2.017"/>
  <system-out/>
</testsuite> <!-- tests.AuthRoutesTests -->
