<?xml version="1.0" encoding="UTF-8"?>
<!-- Generated by org.testng.reporters.JUnitReportReporter -->
<testsuite hostname="DESKTOP-2GDF8KV" failures="0" tests="6" name="tests.LoginTests" time="14.953" errors="0" timestamp="2022-10-10T18:11:11 CEST" skipped="0">
  <testcase classname="tests.LoginTests" name="visitTheLoginPage" time="1.074"/>
  <system-out/>
  <testcase classname="tests.LoginTests" name="checkInputTypes" time="2.944"/>
  <system-out/>
  <testcase classname="tests.LoginTests" name="displaysErrorsWhenUserDoesNotexist" time="3.277"/>
  <system-out/>
  <testcase classname="tests.LoginTests" name="displaysErrorsWhenPasswordIsWrong" time="3.205"/>
  <system-out/>
  <testcase classname="tests.LoginTests" name="login" time="3.183"/>
  <system-out/>
  <testcase classname="tests.LoginTests" name="logout" time="1.270"/>
  <system-out/>
</testsuite> <!-- tests.LoginTests -->
