<?xml version="1.0" encoding="UTF-8"?>
<!-- Generated by org.testng.reporters.JUnitReportReporter -->
<testsuite hostname="DESKTOP-2GDF8KV" failures="0" tests="6" name="tests.AdminCitiesTests" time="23.722" errors="0" timestamp="2022-10-10T18:08:53 CEST" skipped="0">
  <testcase classname="tests.AdminCitiesTests" name="visitsTheAdminCitiesPageAndListCities" time="7.027"/>
  <system-out/>
  <testcase classname="tests.AdminCitiesTests" name="checksInputTypesForCreateEditNewCity" time="2.225"/>
  <system-out/>
  <testcase classname="tests.AdminCitiesTests" name="createNewCity" time="2.912"/>
  <system-out/>
  <testcase classname="tests.AdminCitiesTests" name="editCity" time="5.222"/>
  <system-out/>
  <testcase classname="tests.AdminCitiesTests" name="searchCity" time="2.581"/>
  <system-out/>
  <testcase classname="tests.AdminCitiesTests" name="deleteCity" time="3.755"/>
  <system-out/>
</testsuite> <!-- tests.AdminCitiesTests -->
