<?xml version="1.0" encoding="UTF-8"?>
<!-- Generated by org.testng.reporters.JUnitReportReporter -->
<testsuite hostname="DESKTOP-2GDF8KV" failures="0" tests="6" name="tests.AdminCitiesTests" time="12.621" errors="0" timestamp="2022-10-11T17:42:20 CEST" skipped="0">
  <testcase classname="tests.AdminCitiesTests" name="visitsTheAdminCitiesPageAndListCities" time="4.536"/>
  <system-out/>
  <testcase classname="tests.AdminCitiesTests" name="checksInputTypesForCreateEditNewCity" time="1.256"/>
  <system-out/>
  <testcase classname="tests.AdminCitiesTests" name="createNewCity" time="1.646"/>
  <system-out/>
  <testcase classname="tests.AdminCitiesTests" name="editCity" time="2.593"/>
  <system-out/>
  <testcase classname="tests.AdminCitiesTests" name="searchCity" time="0.938"/>
  <system-out/>
  <testcase classname="tests.AdminCitiesTests" name="deleteCity" time="1.652"/>
  <system-out/>
</testsuite> <!-- tests.AdminCitiesTests -->
