<?xml version="1.0" encoding="UTF-8"?>
<!-- Generated by org.testng.reporters.JUnitReportReporter -->
<testsuite hostname="DESKTOP-2GDF8KV" failures="0" tests="4" name="tests.SignupTests" time="14.088" errors="0" timestamp="2022-10-10T18:11:41 CEST" skipped="0">
  <testcase classname="tests.SignupTests" name="visitsTheSignupPage" time="1.158"/>
  <system-out/>
  <testcase classname="tests.SignupTests" name="checksInputTypes" time="3.055"/>
  <system-out/>
  <testcase classname="tests.SignupTests" name="displaysErrorsWhenUserAlreadyExists" time="3.992"/>
  <system-out/>
  <testcase classname="tests.SignupTests" name="signup" time="5.883"/>
  <system-out/>
</testsuite> <!-- tests.SignupTests -->
